<?xml version="1.0" encoding="UTF-8"?>
<!-- Generated by org.testng.reporters.JUnitXMLReporter -->
<testsuite ignored="0" hostname="LTIN522670" failures="0" tests="20" name="Default test" time="0.306" errors="0" timestamp="2025-01-12T22:23:37 IST">
  <testcase classname="TestClass.NewTest" name="@BeforeClass setUp" time="-1.73670081728E9">
    <failure type="org.testng.TestNGException" message="
Parameter &amp;apos;browser&amp;apos; is required by BeforeClass on method setUp but has not been marked @Optional or defined
in C:\Users\2373652\AppData\Local\Temp\testng-eclipse-380274298\testng-customsuite.xml">
      <![CDATA[org.testng.TestNGException: 
Parameter 'browser' is required by BeforeClass on method setUp but has not been marked @Optional or defined
in C:\Users\2373652\AppData\Local\Temp\testng-eclipse-380274298\testng-customsuite.xml
at org.testng.internal.Parameters.createParams(Parameters.java:267)
at org.testng.internal.Parameters.createParametersForMethod(Parameters.java:355)
at org.testng.internal.Parameters.createParameters(Parameters.java:693)
at org.testng.internal.Parameters.createConfigurationParameters(Parameters.java:166)
at org.testng.internal.invokers.ConfigInvoker.invokeConfigurations(ConfigInvoker.java:306)
at org.testng.internal.invokers.TestMethodWorker.invokeBeforeClassMethods(TestMethodWorker.java:180)
at org.testng.internal.invokers.TestMethodWorker.run(TestMethodWorker.java:122)
at java.base/java.util.ArrayList.forEach(ArrayList.java:1511)
at org.testng.TestRunner.privateRun(TestRunner.java:819)
at org.testng.TestRunner.run(TestRunner.java:619)
at org.testng.SuiteRunner.runTest(SuiteRunner.java:443)
at org.testng.SuiteRunner.runSequentially(SuiteRunner.java:437)
at org.testng.SuiteRunner.privateRun(SuiteRunner.java:397)
at org.testng.SuiteRunner.run(SuiteRunner.java:336)
at org.testng.SuiteRunnerWorker.runSuite(SuiteRunnerWorker.java:52)
at org.testng.SuiteRunnerWorker.run(SuiteRunnerWorker.java:95)
at org.testng.TestNG.runSuitesSequentially(TestNG.java:1301)
at org.testng.TestNG.runSuitesLocally(TestNG.java:1228)
at org.testng.TestNG.runSuites(TestNG.java:1134)
at org.testng.TestNG.run(TestNG.java:1101)
at org.testng.remote.AbstractRemoteTestNG.run(AbstractRemoteTestNG.java:115)
at org.testng.remote.RemoteTestNG.initAndRun(RemoteTestNG.java:251)
at org.testng.remote.RemoteTestNG.main(RemoteTestNG.java:77)
]]>
    </failure>
  </testcase> <!-- @BeforeClass setUp -->
  <testcase classname="TestClass.NewTest" name="@AfterClass afterClass" time="0.0">
    <skipped/>
  </testcase> <!-- @AfterClass afterClass -->
  <testcase classname="TestClass.NewTest" name="openWebsite" time="0.0">
    <skipped/>
  </testcase> <!-- openWebsite -->
  <testcase classname="TestClass.NewTest" name="locateSearchBox" time="0.0">
    <skipped/>
  </testcase> <!-- locateSearchBox -->
  <testcase classname="TestClass.NewTest" name="autoSuggestion" time="0.0">
    <skipped/>
  </testcase> <!-- autoSuggestion -->
  <testcase classname="TestClass.NewTest" name="courseLanguageSelection" time="0.0">
    <skipped/>
  </testcase> <!-- courseLanguageSelection -->
  <testcase classname="TestClass.NewTest" name="courseLevelSelection" time="0.0">
    <skipped/>
  </testcase> <!-- courseLevelSelection -->
  <testcase classname="TestClass.NewTest" name="displayFirstCourseDetails" time="0.0">
    <skipped/>
  </testcase> <!-- displayFirstCourseDetails -->
  <testcase classname="TestClass.NewTest" name="displaySecondCourseDetails" time="0.0">
    <skipped/>
  </testcase> <!-- displaySecondCourseDetails -->
  <testcase classname="TestClass.NewTest" name="displayListOfLanguages" time="0.0">
    <skipped/>
  </testcase> <!-- displayListOfLanguages -->
  <testcase classname="TestClass.NewTest" name="displayListOfLevel" time="0.0">
    <skipped/>
  </testcase> <!-- displayListOfLevel -->
  <testcase classname="TestClass.NewTest" name="newTabSwitch" time="0.0">
    <skipped/>
  </testcase> <!-- newTabSwitch -->
  <testcase classname="TestClass.NewTest" name="navigateBackToHome" time="0.001">
    <skipped/>
  </testcase> <!-- navigateBackToHome -->
  <testcase classname="TestClass.NewTest" name="locateForEnterprise" time="0.0">
    <skipped/>
  </testcase> <!-- locateForEnterprise -->
  <testcase classname="TestClass.NewTest" name="locateCourseForCampus" time="0.0">
    <skipped/>
  </testcase> <!-- locateCourseForCampus -->
  <testcase classname="TestClass.NewTest" name="errorOnInvalidEmail" time="0.0">
    <skipped/>
  </testcase> <!-- errorOnInvalidEmail -->
  <testcase classname="TestClass.NewTest" name="errorOnInvalidMobile" time="0.0">
    <skipped/>
  </testcase> <!-- errorOnInvalidMobile -->
  <testcase classname="TestClass.NewTest" name="errorOnBlankFields" time="0.001">
    <skipped/>
  </testcase> <!-- errorOnBlankFields -->
  <testcase classname="TestClass.NewTest" name="locateForm" time="0.0">
    <skipped/>
  </testcase> <!-- locateForm -->
  <testcase classname="TestClass.NewTest" name="locateStateOnSelectingIndia" time="0.0">
    <skipped/>
  </testcase> <!-- locateStateOnSelectingIndia -->
  <testcase classname="TestClass.NewTest" name="submitFormVerification" time="0.0">
    <skipped/>
  </testcase> <!-- submitFormVerification -->
  <testcase classname="TestClass.NewTest" name="takeScreenshot" time="0.0">
    <skipped/>
  </testcase> <!-- takeScreenshot -->
</testsuite> <!-- Default test -->
