<?xml version="1.0" encoding="UTF-8"?>
<!-- Generated by org.testng.reporters.JUnitReportReporter -->
<testsuite hostname="LTIN522670" failures="0" tests="40" name="TestClass.NewTest" time="196.104" errors="1" timestamp="2025-01-13T22:23:16 IST" skipped="7">
  <testcase classname="TestClass.NewTest" name="openWebsite" time="3.360"/>
  <testcase classname="TestClass.NewTest" name="openWebsite" time="5.009"/>
  <testcase classname="TestClass.NewTest" name="locateSearchBox" time="0.035"/>
  <testcase classname="TestClass.NewTest" name="locateSearchBox" time="0.054"/>
  <testcase classname="TestClass.NewTest" name="autoSuggestion" time="20.669"/>
  <testcase classname="TestClass.NewTest" name="autoSuggestion" time="18.342"/>
  <testcase classname="TestClass.NewTest" name="courseLanguageSelection" time="3.338"/>
  <testcase classname="TestClass.NewTest" name="courseLanguageSelection" time="3.264"/>
  <testcase classname="TestClass.NewTest" name="courseLevelSelection" time="3.271"/>
  <testcase classname="TestClass.NewTest" name="courseLevelSelection" time="3.314"/>
  <testcase classname="TestClass.NewTest" name="displayFirstCourseDetails" time="5.194"/>
  <testcase classname="TestClass.NewTest" name="displayFirstCourseDetails" time="5.164"/>
  <testcase classname="TestClass.NewTest" name="displaySecondCourseDetails" time="0.171"/>
  <testcase classname="TestClass.NewTest" name="displaySecondCourseDetails" time="0.114"/>
  <testcase classname="TestClass.NewTest" name="displayListOfLanguages" time="5.321"/>
  <testcase classname="TestClass.NewTest" name="displayListOfLanguages" time="5.207"/>
  <testcase classname="TestClass.NewTest" name="displayListOfLevel" time="0.129"/>
  <testcase classname="TestClass.NewTest" name="displayListOfLevel" time="0.105"/>
  <testcase classname="TestClass.NewTest" name="newTabSwitch" time="7.388"/>
  <testcase classname="TestClass.NewTest" name="newTabSwitch" time="6.474"/>
  <testcase classname="TestClass.NewTest" name="navigateBackToHome" time="3.811"/>
  <testcase classname="TestClass.NewTest" name="navigateBackToHome" time="4.187"/>
  <testcase classname="TestClass.NewTest" name="locateForEnterprise" time="1.443">
    <error message="element click intercepted: Element &lt;a data-click-key=&quot;front_page.front_page_story.click.seo_directory_link&quot; data-click-value=&quot;{&amp;quot;href&amp;quot;:&amp;quot;/business?utm_campaign=website&amp;amp;utm_content=corp-to-home-footer-for-enterprise&amp;amp;utm_medium=coursera&amp;amp;utm_source=enterprise&amp;quot;,&amp;quot;namespace&amp;quot;:{&amp;quot;action&amp;quot;:&amp;quot;click&amp;quot;,&amp;quot;app&amp;quot;:&amp;quot;front_page&amp;quot;,&amp;quot;component&amp;quot;:&amp;quot;seo_directory_link&amp;quot;,&amp;quot;page&amp;quot;:&amp;quot;front_page_story&amp;quot;},&amp;quot;schema_type&amp;quot;:&amp;quot;FRONTEND&amp;quot;}&quot; data-track=&quot;true&quot; data-track-app=&quot;front_page&quot; data-track-page=&quot;front_page_story&quot; data-track-action=&quot;click&quot; data-track-component=&quot;seo_directory_link&quot; data-track-href=&quot;/business?utm_campaign=website&amp;amp;utm_content=corp-to-home-footer-for-enterprise&amp;amp;utm_medium=coursera&amp;amp;utm_source=enterprise&quot; href=&quot;/business?utm_campaign=website&amp;amp;utm_content=corp-to-home-footer-for-enterprise&amp;amp;utm_medium=coursera&amp;amp;utm_source=enterprise&quot; to=&quot;/business?utm_campaign=website&amp;amp;utm_content=corp-to-home-footer-for-enterprise&amp;amp;utm_medium=coursera&amp;amp;utm_source=enterprise&quot; class=&quot;rc-SubFooterSection__content-column-link-text&quot;&gt;...&lt;/a&gt; is not clickable at point (93, 542). Other element would receive the click: &lt;div class=&quot;rc-CopyrightV2 lohp-rebrand&quot;&gt;...&lt;/div&gt;
  (Session info: MicrosoftEdge=131.0.2903.146)
Build info: version: &#039;4.27.0&#039;, revision: &#039;d6e718d134&#039;
System info: os.name: &#039;Windows 11&#039;, os.arch: &#039;amd64&#039;, os.version: &#039;10.0&#039;, java.version: &#039;17.0.13&#039;
Driver info: org.openqa.selenium.edge.EdgeDriver
Command: [785749b8f707fe02556fa55da62a5431, clickElement {id=f.355A7E391798E74831A7CB6ECDA99436.d.31AD662910BDE5A308A4076B90F229C3.e.288}]
Capabilities {acceptInsecureCerts: false, browserName: MicrosoftEdge, browserVersion: 131.0.2903.146, fedcm:accounts: true, ms:edgeOptions: {debuggerAddress: localhost:55964}, msedge: {msedgedriverVersion: 131.0.2903.146 (99fcb90c1ee..., userDataDir: C:\Users\2373652\AppData\Lo...}, networkConnectionEnabled: false, pageLoadStrategy: normal, platformName: windows, proxy: Proxy(), se:cdp: ws://localhost:55964/devtoo..., se:cdpVersion: 131.0.2903.146, setWindowRect: true, strictFileInteractability: false, timeouts: {implicit: 0, pageLoad: 300000, script: 30000}, unhandledPromptBehavior: dismiss and notify, webauthn:extension:credBlob: true, webauthn:extension:largeBlob: true, webauthn:extension:minPinLength: true, webauthn:extension:prf: true, webauthn:virtualAuthenticators: true}
Element: [[EdgeDriver: MicrosoftEdge on windows (785749b8f707fe02556fa55da62a5431)] -&gt; link text: For Enterprise]
Session ID: 785749b8f707fe02556fa55da62a5431" type="org.openqa.selenium.ElementClickInterceptedException">
      <![CDATA[org.openqa.selenium.ElementClickInterceptedException: element click intercepted: Element <a data-click-key="front_page.front_page_story.click.seo_directory_link" data-click-value="{&quot;href&quot;:&quot;/business?utm_campaign=website&amp;utm_content=corp-to-home-footer-for-enterprise&amp;utm_medium=coursera&amp;utm_source=enterprise&quot;,&quot;namespace&quot;:{&quot;action&quot;:&quot;click&quot;,&quot;app&quot;:&quot;front_page&quot;,&quot;component&quot;:&quot;seo_directory_link&quot;,&quot;page&quot;:&quot;front_page_story&quot;},&quot;schema_type&quot;:&quot;FRONTEND&quot;}" data-track="true" data-track-app="front_page" data-track-page="front_page_story" data-track-action="click" data-track-component="seo_directory_link" data-track-href="/business?utm_campaign=website&amp;utm_content=corp-to-home-footer-for-enterprise&amp;utm_medium=coursera&amp;utm_source=enterprise" href="/business?utm_campaign=website&amp;utm_content=corp-to-home-footer-for-enterprise&amp;utm_medium=coursera&amp;utm_source=enterprise" to="/business?utm_campaign=website&amp;utm_content=corp-to-home-footer-for-enterprise&amp;utm_medium=coursera&amp;utm_source=enterprise" class="rc-SubFooterSection__content-column-link-text">...</a> is not clickable at point (93, 542). Other element would receive the click: <div class="rc-CopyrightV2 lohp-rebrand">...</div>
  (Session info: MicrosoftEdge=131.0.2903.146)
Build info: version: '4.27.0', revision: 'd6e718d134'
System info: os.name: 'Windows 11', os.arch: 'amd64', os.version: '10.0', java.version: '17.0.13'
Driver info: org.openqa.selenium.edge.EdgeDriver
Command: [785749b8f707fe02556fa55da62a5431, clickElement {id=f.355A7E391798E74831A7CB6ECDA99436.d.31AD662910BDE5A308A4076B90F229C3.e.288}]
Capabilities {acceptInsecureCerts: false, browserName: MicrosoftEdge, browserVersion: 131.0.2903.146, fedcm:accounts: true, ms:edgeOptions: {debuggerAddress: localhost:55964}, msedge: {msedgedriverVersion: 131.0.2903.146 (99fcb90c1ee..., userDataDir: C:\Users\2373652\AppData\Lo...}, networkConnectionEnabled: false, pageLoadStrategy: normal, platformName: windows, proxy: Proxy(), se:cdp: ws://localhost:55964/devtoo..., se:cdpVersion: 131.0.2903.146, setWindowRect: true, strictFileInteractability: false, timeouts: {implicit: 0, pageLoad: 300000, script: 30000}, unhandledPromptBehavior: dismiss and notify, webauthn:extension:credBlob: true, webauthn:extension:largeBlob: true, webauthn:extension:minPinLength: true, webauthn:extension:prf: true, webauthn:virtualAuthenticators: true}
Element: [[EdgeDriver: MicrosoftEdge on windows (785749b8f707fe02556fa55da62a5431)] -> link text: For Enterprise]
Session ID: 785749b8f707fe02556fa55da62a5431
at java.base/jdk.internal.reflect.NativeConstructorAccessorImpl.newInstance0(Native Method)
at java.base/jdk.internal.reflect.NativeConstructorAccessorImpl.newInstance(NativeConstructorAccessorImpl.java:77)
at java.base/jdk.internal.reflect.DelegatingConstructorAccessorImpl.newInstance(DelegatingConstructorAccessorImpl.java:45)
at java.base/java.lang.reflect.Constructor.newInstanceWithCaller(Constructor.java:500)
at java.base/java.lang.reflect.Constructor.newInstance(Constructor.java:481)
at org.openqa.selenium.remote.ErrorCodec.decode(ErrorCodec.java:167)
at org.openqa.selenium.remote.codec.w3c.W3CHttpResponseCodec.decode(W3CHttpResponseCodec.java:138)
at org.openqa.selenium.remote.codec.w3c.W3CHttpResponseCodec.decode(W3CHttpResponseCodec.java:50)
at org.openqa.selenium.remote.HttpCommandExecutor.execute(HttpCommandExecutor.java:190)
at org.openqa.selenium.remote.service.DriverCommandExecutor.invokeExecute(DriverCommandExecutor.java:216)
at org.openqa.selenium.remote.service.DriverCommandExecutor.execute(DriverCommandExecutor.java:174)
at org.openqa.selenium.remote.RemoteWebDriver.execute(RemoteWebDriver.java:545)
at org.openqa.selenium.remote.RemoteWebElement.execute(RemoteWebElement.java:223)
at org.openqa.selenium.remote.RemoteWebElement.click(RemoteWebElement.java:76)
at TestClass.NewTest.locateForEnterprise(NewTest.java:121)
at java.base/jdk.internal.reflect.NativeMethodAccessorImpl.invoke0(Native Method)
at java.base/jdk.internal.reflect.NativeMethodAccessorImpl.invoke(NativeMethodAccessorImpl.java:77)
at java.base/jdk.internal.reflect.DelegatingMethodAccessorImpl.invoke(DelegatingMethodAccessorImpl.java:43)
at java.base/java.lang.reflect.Method.invoke(Method.java:569)
at org.testng.internal.invokers.MethodInvocationHelper.invokeMethod(MethodInvocationHelper.java:139)
at org.testng.internal.invokers.TestInvoker.invokeMethod(TestInvoker.java:664)
at org.testng.internal.invokers.TestInvoker.invokeTestMethod(TestInvoker.java:228)
at org.testng.internal.invokers.MethodRunner.runInSequence(MethodRunner.java:63)
at org.testng.internal.invokers.TestInvoker$MethodInvocationAgent.invoke(TestInvoker.java:961)
at org.testng.internal.invokers.TestInvoker.invokeTestMethods(TestInvoker.java:201)
at org.testng.internal.invokers.TestMethodWorker.invokeTestMethods(TestMethodWorker.java:148)
at org.testng.internal.invokers.TestMethodWorker.run(TestMethodWorker.java:128)
at java.base/java.util.ArrayList.forEach(ArrayList.java:1511)
at org.testng.TestRunner.privateRun(TestRunner.java:819)
at org.testng.TestRunner.run(TestRunner.java:619)
at org.testng.SuiteRunner.runTest(SuiteRunner.java:443)
at org.testng.SuiteRunner$SuiteWorker.run(SuiteRunner.java:481)
at org.testng.internal.thread.ThreadUtil.lambda$execute$0(ThreadUtil.java:58)
at java.base/java.util.concurrent.FutureTask.run(FutureTask.java:264)
at java.base/java.util.concurrent.ThreadPoolExecutor.runWorker(ThreadPoolExecutor.java:1136)
at java.base/java.util.concurrent.ThreadPoolExecutor$Worker.run(ThreadPoolExecutor.java:635)
at java.base/java.lang.Thread.run(Thread.java:840)
]]>
    </error>
  </testcase> <!-- locateForEnterprise -->
  <testcase classname="TestClass.NewTest" name="locateForEnterprise" time="4.445"/>
  <testcase classname="TestClass.NewTest" name="locateCourseForCampus" time="0.508"/>
  <testcase classname="TestClass.NewTest" name="locateCourseForCampus" time="0.000">
    <skipped/>
  </testcase> <!-- locateCourseForCampus -->
  <testcase classname="TestClass.NewTest" name="errorOnInvalidEmail" time="20.152"/>
  <testcase classname="TestClass.NewTest" name="errorOnInvalidEmail" time="0.000">
    <skipped/>
  </testcase> <!-- errorOnInvalidEmail -->
  <testcase classname="TestClass.NewTest" name="errorOnInvalidMobile" time="22.018"/>
  <testcase classname="TestClass.NewTest" name="errorOnInvalidMobile" time="0.001">
    <skipped/>
  </testcase> <!-- errorOnInvalidMobile -->
  <testcase classname="TestClass.NewTest" name="errorOnBlankFields" time="21.574"/>
  <testcase classname="TestClass.NewTest" name="errorOnBlankFields" time="0.000">
    <skipped/>
  </testcase> <!-- errorOnBlankFields -->
  <testcase classname="TestClass.NewTest" name="locateForm" time="0.000">
    <skipped/>
  </testcase> <!-- locateForm -->
  <testcase classname="TestClass.NewTest" name="locateForm" time="0.036"/>
  <testcase classname="TestClass.NewTest" name="locateStateOnSelectingIndia" time="0.035"/>
  <testcase classname="TestClass.NewTest" name="locateStateOnSelectingIndia" time="0.000">
    <skipped/>
  </testcase> <!-- locateStateOnSelectingIndia -->
  <testcase classname="TestClass.NewTest" name="submitFormVerification" time="0.001">
    <skipped/>
  </testcase> <!-- submitFormVerification -->
  <testcase classname="TestClass.NewTest" name="submitFormVerification" time="21.968"/>
  <testcase classname="TestClass.NewTest" name="takeScreenshot" time="0.001"/>
  <testcase classname="TestClass.NewTest" name="takeScreenshot" time="0.001"/>
</testsuite> <!-- TestClass.NewTest -->
